[2021-09-07 21:32:29,938][pytorch_lightning.utilities.seed][INFO] - Global seed set to 42133724
[2021-09-07 21:32:31,811][src.main][INFO] - Using callback <<pytorch_lightning.callbacks.lr_monitor.LearningRateMonitor object at 0x7f2557d38e80>>
[2021-09-07 21:32:31,812][src.main][INFO] - Using callback <<src.callbacks.memory_monitor.RamMemoryMonitor object at 0x7f2555cbb340>>
[2021-09-07 21:32:31,813][src.main][INFO] - Using callback <<pytorch_lightning.callbacks.model_checkpoint.ModelCheckpoint object at 0x7f2555c87a30>>
[2021-09-07 21:32:31,818][pytorch_lightning.trainer.connectors.accelerator_connector][INFO] - Using native 16bit precision.
[2021-09-07 21:32:31,819][pytorch_lightning.utilities.distributed][INFO] - GPU available: True, used: True
[2021-09-07 21:32:31,819][pytorch_lightning.utilities.distributed][INFO] - TPU available: False, using: 0 TPU cores
[2021-09-07 21:32:31,819][pytorch_lightning.utilities.distributed][INFO] - IPU available: False, using: 0 IPUs
[2021-09-07 21:32:32,212][pytorch_lightning.accelerators.gpu][INFO] - LOCAL_RANK: 0 - CUDA_VISIBLE_DEVICES: [0]
[2021-09-07 21:32:34,753][pytorch_lightning.core.lightning][INFO] - 
  | Name              | Type                  | Params
------------------------------------------------------------
0 | loss_fn           | CrossEntropyLoss      | 0     
1 | metric_train_acc  | Accuracy              | 0     
2 | metric_train_loss | AverageMeter          | 0     
3 | metric_valid_acc  | Accuracy              | 0     
4 | wav2vec           | Wav2Vec2WrapperModule | 94.4 M
5 | embedding_masker  | EmbeddingMasker       | 0     
6 | stat_pooling      | MeanStdStatPool1D     | 0     
7 | fc_list           | ModuleList            | 1.9 M 
------------------------------------------------------------
96.2 M    Trainable params
0         Non-trainable params
96.2 M    Total params
384.932   Total estimated model params size (MB)
[2021-09-07 21:32:38,530][pytorch_lightning.utilities.seed][INFO] - Global seed set to 42133724
[2021-09-07 21:50:13,768][pytorch_lightning.tuner.lr_finder][INFO] - LR finder stopped early after 3950 steps due to diverging loss.
[2021-09-07 21:50:13,797][pytorch_lightning.utilities.distributed][INFO] - Restoring states from the checkpoint file at /home/nik/workspace/phd/data/logs/wav2vec_speaker_identification/run/2021-09-07_21-32-28/23fb5940c4c94ab39ff4ab74c3852857/lr_find_temp_model.ckpt
[2021-09-07 21:50:14,118][pytorch_lightning.utilities.distributed][INFO] - Restored all states from the checkpoint file at /home/nik/workspace/phd/data/logs/wav2vec_speaker_identification/run/2021-09-07_21-32-28/23fb5940c4c94ab39ff4ab74c3852857/lr_find_temp_model.ckpt
[2021-09-07 21:50:14,155][pytorch_lightning.tuner.lr_finder][INFO] - Learning rate set to 0.00016811249744769598
